  TextWidget.cpp
  Application.cpp
D:\GitHub Repositorys\SnakeGame\2DSnakeGame\2DSnakeGame\src\Application.cpp(26,104): warning C4244: 'argument': conversion from 'int' to 'T', possible loss of data
          with
          [
              T=float
          ]
D:\GitHub Repositorys\SnakeGame\2DSnakeGame\2DSnakeGame\src\Application.cpp(26,85): warning C4244: 'argument': conversion from 'int' to 'T', possible loss of data
          with
          [
              T=float
          ]
  Button.cpp
D:\GitHub Repositorys\SnakeGame\2DSnakeGame\2DSnakeGame\src\button\Button.cpp(48,15): warning C4244: 'initializing': conversion from 'T' to 'float', possible loss of data
          with
          [
              T=int
          ]
D:\GitHub Repositorys\SnakeGame\2DSnakeGame\2DSnakeGame\src\button\Button.cpp(49,15): warning C4244: 'initializing': conversion from 'T' to 'float', possible loss of data
          with
          [
              T=int
          ]
  Entity.cpp
  Food.cpp
D:\GitHub Repositorys\SnakeGame\2DSnakeGame\2DSnakeGame\src\game\Food.cpp(37,27): warning C4244: '=': conversion from 'int' to 'float', possible loss of data
D:\GitHub Repositorys\SnakeGame\2DSnakeGame\2DSnakeGame\src\game\Food.cpp(38,27): warning C4244: '=': conversion from 'int' to 'float', possible loss of data
D:\GitHub Repositorys\SnakeGame\2DSnakeGame\2DSnakeGame\src\game\Food.cpp(40,49): warning C4267: 'initializing': conversion from 'size_t' to 'int32_t', possible loss of data
  Snake.cpp
D:\GitHub Repositorys\SnakeGame\2DSnakeGame\2DSnakeGame\src\game\Snake.cpp(104,14): warning C4244: 'initializing': conversion from 'T' to 'float', possible loss of data
          with
          [
              T=unsigned int
          ]
D:\GitHub Repositorys\SnakeGame\2DSnakeGame\2DSnakeGame\src\game\Snake.cpp(105,15): warning C4244: 'initializing': conversion from 'T' to 'float', possible loss of data
          with
          [
              T=unsigned int
          ]
  main.cpp
  EndMenu.cpp
D:\GitHub Repositorys\SnakeGame\2DSnakeGame\2DSnakeGame\src\menu\EndMenu.cpp(34,187): warning C4244: 'argument': conversion from 'T' to 'T', possible loss of data
          with
          [
              T=unsigned int
          ]
          and
          [
              T=float
          ]
D:\GitHub Repositorys\SnakeGame\2DSnakeGame\2DSnakeGame\src\menu\EndMenu.cpp(34,160): warning C4244: 'argument': conversion from 'T' to 'T', possible loss of data
          with
          [
              T=unsigned int
          ]
          and
          [
              T=float
          ]
  MainMenu.cpp
  Generating Code...
  2DSnakeGame.vcxproj -> D:\GitHub Repositorys\SnakeGame\2DSnakeGame\build\bin\Release-windows-x86_64\2DSnakeGame\2DSnakeGame.exe
